<?xml version="1.0" encoding="UTF-8"?>
<!-- Generated by org.testng.reporters.JUnitReportReporter -->
<testsuite skipped="0" hostname="DESKTOP-INQUNRP" name="com.arraysMultiDimensionBasics.SubTrackingRow_Column_Total" tests="3" failures="0" timestamp="30 Jun 2020 00:01:13 GMT" time="0.032" errors="0">
  <testcase name="Total" time="0.022" classname="com.arraysMultiDimensionBasics.SubTrackingRow_Column_Total"/>
  <testcase name="rowTotal" time="0.002" classname="com.arraysMultiDimensionBasics.SubTrackingRow_Column_Total"/>
  <testcase name="columnTotal" time="0.008" classname="com.arraysMultiDimensionBasics.SubTrackingRow_Column_Total"/>
</testsuite> <!-- com.arraysMultiDimensionBasics.SubTrackingRow_Column_Total -->
