<?xml version="1.0" encoding="UTF-8"?>
<!-- Generated by org.testng.reporters.JUnitReportReporter -->
<testsuite skipped="0" hostname="DESKTOP-INQUNRP" name="com.arraysMultiDimensionFundamental.Multiplication" tests="1" failures="0" timestamp="29 Jun 2020 21:37:05 GMT" time="31.022" errors="0">
  <testcase name="multiplicationTest" time="31.022" classname="com.arraysMultiDimensionFundamental.Multiplication"/>
</testsuite> <!-- com.arraysMultiDimensionFundamental.Multiplication -->
