<?xml version="1.0" encoding="UTF-8"?>
<!-- Generated by org.testng.reporters.JUnitReportReporter -->
<testsuite skipped="0" hostname="DESKTOP-INQUNRP" name="com.arraysBasics.DeclaringArrays" tests="1" failures="0" timestamp="23 May 2020 16:47:46 GMT" time="0.014" errors="0">
  <testcase name="intialize2" time="0.014" classname="com.arraysBasics.DeclaringArrays"/>
</testsuite> <!-- com.arraysBasics.DeclaringArrays -->
