<?xml version="1.0" encoding="UTF-8"?>
<!-- Generated by org.testng.reporters.JUnitReportReporter -->
<testsuite skipped="0" hostname="DESKTOP-INQUNRP" name="com.arraysMultiDimension_TwoArrays.SubOfTwoArrays" tests="2" failures="0" timestamp="12 Jul 2020 22:08:28 GMT" time="0.022" errors="0">
  <testcase name="addingString" time="0.019" classname="com.arraysMultiDimension_TwoArrays.SubOfTwoArrays"/>
  <testcase name="subbing" time="0.003" classname="com.arraysMultiDimension_TwoArrays.SubOfTwoArrays"/>
</testsuite> <!-- com.arraysMultiDimension_TwoArrays.SubOfTwoArrays -->
