<?xml version="1.0" encoding="UTF-8"?>
<!-- Generated by org.testng.reporters.JUnitReportReporter -->
<testsuite skipped="0" hostname="DESKTOP-INQUNRP" name="com.arraysMultiDimensionBasics.Adding_Row_Total" tests="4" failures="0" timestamp="12 Jul 2020 21:34:34 GMT" time="0.053" errors="0">
  <testcase name="printRow" time="0.028" classname="com.arraysMultiDimensionBasics.Adding_Row_Total"/>
  <testcase name="rowTotal" time="0.004" classname="com.arraysMultiDimensionBasics.Adding_Row_Total"/>
  <testcase name="jaggedrowTotal" time="0.015" classname="com.arraysMultiDimensionBasics.Adding_Row_Total"/>
  <testcase name="arrayTotal" time="0.006" classname="com.arraysMultiDimensionBasics.Adding_Row_Total"/>
</testsuite> <!-- com.arraysMultiDimensionBasics.Adding_Row_Total -->
