<?xml version="1.0" encoding="UTF-8"?>
<!-- Generated by org.testng.reporters.JUnitReportReporter -->
<testsuite skipped="0" hostname="DESKTOP-INQUNRP" name="com.arraysBasics.DeclaringSingleDimensionArrays" tests="5" failures="0" timestamp="23 May 2020 17:03:55 GMT" time="0.027" errors="0">
  <testcase name="intialize1" time="0.014" classname="com.arraysBasics.DeclaringSingleDimensionArrays"/>
  <testcase name="intialize2" time="0.004" classname="com.arraysBasics.DeclaringSingleDimensionArrays"/>
  <testcase name="SummingAllElements" time="0.004" classname="com.arraysBasics.DeclaringSingleDimensionArrays"/>
  <testcase name="FindingTheLargestElement" time="0.002" classname="com.arraysBasics.DeclaringSingleDimensionArrays"/>
  <testcase name="forEachLoop" time="0.003" classname="com.arraysBasics.DeclaringSingleDimensionArrays"/>
</testsuite> <!-- com.arraysBasics.DeclaringSingleDimensionArrays -->
