<?xml version="1.0" encoding="UTF-8"?>
<!-- Generated by org.testng.reporters.JUnitReportReporter -->
<testsuite skipped="0" hostname="DESKTOP-INQUNRP" name="com.arraysMultiDimensionBasics.SubOfTwoArrays" tests="1" failures="0" timestamp="29 Jun 2020 21:32:46 GMT" time="0.012" errors="0">
  <testcase name="subbing" time="0.012" classname="com.arraysMultiDimensionBasics.SubOfTwoArrays"/>
</testsuite> <!-- com.arraysMultiDimensionBasics.SubOfTwoArrays -->
