<?xml version="1.0" encoding="UTF-8"?>
<!-- Generated by org.testng.reporters.JUnitReportReporter -->
<testsuite skipped="0" hostname="DESKTOP-INQUNRP" name="com.arrays.AppTest" tests="1" failures="0" timestamp="23 May 2020 15:57:01 GMT" time="0.012" errors="0">
  <testcase name="firstTest" time="0.012" classname="com.arrays.AppTest"/>
</testsuite> <!-- com.arrays.AppTest -->
