<?xml version="1.0" encoding="UTF-8"?>
<!-- Generated by org.testng.reporters.JUnitReportReporter -->
<testsuite skipped="0" hostname="DESKTOP-INQUNRP" name="com.arraysHowToCreateExcellFile.StudentsFile" tests="2" failures="0" timestamp="19 Jul 2020 23:42:08 GMT" time="1.744" errors="0">
  <testcase name="readData" time="0.238" classname="com.arraysHowToCreateExcellFile.StudentsFile"/>
  <testcase name="createFile" time="1.506" classname="com.arraysHowToCreateExcellFile.StudentsFile"/>
</testsuite> <!-- com.arraysHowToCreateExcellFile.StudentsFile -->
