<?xml version="1.0" encoding="UTF-8"?>
<!-- Generated by org.testng.reporters.JUnitReportReporter -->
<testsuite skipped="0" hostname="DESKTOP-INQUNRP" name="com.arraysMultiDimensionBasics.AddingRowColumn" tests="3" failures="0" timestamp="29 Jun 2020 23:09:30 GMT" time="0.027" errors="0">
  <testcase name="Total" time="0.019" classname="com.arraysMultiDimensionBasics.AddingRowColumn"/>
  <testcase name="rowTotal" time="0.003" classname="com.arraysMultiDimensionBasics.AddingRowColumn"/>
  <testcase name="columnTotal" time="0.005" classname="com.arraysMultiDimensionBasics.AddingRowColumn"/>
</testsuite> <!-- com.arraysMultiDimensionBasics.AddingRowColumn -->
