<?xml version="1.0" encoding="UTF-8"?>
<!-- Generated by org.testng.reporters.JUnitReportReporter -->
<testsuite skipped="0" hostname="DESKTOP-INQUNRP" name="com.arraysMultiDimensionBasic_Search.FindDuplicate_WithLoop_Map_Set" tests="4" failures="0" timestamp="30 Jun 2020 23:31:07 GMT" time="0.023" errors="0">
  <testcase name="findDuplicateNumericWithLoop" time="0.014" classname="com.arraysMultiDimensionBasic_Search.FindDuplicate_WithLoop_Map_Set"/>
  <testcase name="hashMap" time="0.003" classname="com.arraysMultiDimensionBasic_Search.FindDuplicate_WithLoop_Map_Set"/>
  <testcase name="findDuplicateWithLoop" time="0.003" classname="com.arraysMultiDimensionBasic_Search.FindDuplicate_WithLoop_Map_Set"/>
  <testcase name="hashSet" time="0.003" classname="com.arraysMultiDimensionBasic_Search.FindDuplicate_WithLoop_Map_Set"/>
</testsuite> <!-- com.arraysMultiDimensionBasic_Search.FindDuplicate_WithLoop_Map_Set -->
