<?xml version="1.0" encoding="UTF-8"?>
<!-- Generated by org.testng.reporters.JUnitReportReporter -->
<testsuite skipped="0" hostname="DESKTOP-INQUNRP" name="com.arraysMultiDimensionFundamental.AddSubDifferentArrays" tests="1" failures="0" timestamp="02 Jun 2020 13:26:46 GMT" time="26.095" errors="0">
  <testcase name="createSquareMatrix" time="26.095" classname="com.arraysMultiDimensionFundamental.AddSubDifferentArrays"/>
</testsuite> <!-- com.arraysMultiDimensionFundamental.AddSubDifferentArrays -->
