<?xml version="1.0" encoding="UTF-8"?>
<!-- Generated by org.testng.reporters.JUnitReportReporter -->
<testsuite skipped="0" hostname="DESKTOP-INQUNRP" name="com.arraysMultiDimensionBasics.AddingTwoArrays" tests="1" failures="0" timestamp="30 Jun 2020 01:09:22 GMT" time="0.012" errors="0">
  <testcase name="adding" time="0.012" classname="com.arraysMultiDimensionBasics.AddingTwoArrays"/>
</testsuite> <!-- com.arraysMultiDimensionBasics.AddingTwoArrays -->
