<?xml version="1.0" encoding="UTF-8"?>
<!-- Generated by org.testng.reporters.JUnitReportReporter -->
<testsuite skipped="0" hostname="DESKTOP-INQUNRP" name="com.arraysMultiDimensionFundamental.AddSubDifferentArrays" tests="1" failures="0" timestamp="29 Jun 2020 20:53:54 GMT" time="22.659" errors="0">
  <testcase name="AddSub" time="22.659" classname="com.arraysMultiDimensionFundamental.AddSubDifferentArrays"/>
</testsuite> <!-- com.arraysMultiDimensionFundamental.AddSubDifferentArrays -->
