<?xml version="1.0" encoding="UTF-8"?>
<!-- Generated by org.testng.reporters.JUnitReportReporter -->
<testsuite skipped="0" hostname="DESKTOP-INQUNRP" name="com.arraysMultiDimensionFundamental.Multiplication" tests="1" failures="0" timestamp="02 Jun 2020 16:38:32 GMT" time="12.022" errors="0">
  <testcase name="multiplicationTest" time="12.022" classname="com.arraysMultiDimensionFundamental.Multiplication"/>
</testsuite> <!-- com.arraysMultiDimensionFundamental.Multiplication -->
