<?xml version="1.0" encoding="UTF-8"?>
<!-- Generated by org.testng.reporters.JUnitReportReporter -->
<testsuite skipped="0" hostname="DESKTOP-INQUNRP" name="com.arraysMultiDimension_TwoArrays.SubOfTwoArrays" tests="2" failures="0" timestamp="30 Jun 2020 18:06:47 GMT" time="0.013" errors="0">
  <testcase name="addingString" time="0.011" classname="com.arraysMultiDimension_TwoArrays.SubOfTwoArrays"/>
  <testcase name="subbing" time="0.002" classname="com.arraysMultiDimension_TwoArrays.SubOfTwoArrays"/>
</testsuite> <!-- com.arraysMultiDimension_TwoArrays.SubOfTwoArrays -->
