<?xml version="1.0" encoding="UTF-8"?>
<!-- Generated by org.testng.reporters.JUnitReportReporter -->
<testsuite skipped="0" hostname="DESKTOP-INQUNRP" name="com.arraysMultiDimensionBasics.DeclaringArrays" tests="4" failures="0" timestamp="25 May 2020 23:39:05 GMT" time="0.033" errors="0">
  <testcase name="intializing1" time="0.026" classname="com.arraysMultiDimensionBasics.DeclaringArrays"/>
  <testcase name="intializing2" time="0.002" classname="com.arraysMultiDimensionBasics.DeclaringArrays"/>
  <testcase name="intialize3" time="0.003" classname="com.arraysMultiDimensionBasics.DeclaringArrays"/>
  <testcase name="intialize4" time="0.002" classname="com.arraysMultiDimensionBasics.DeclaringArrays"/>
</testsuite> <!-- com.arraysMultiDimensionBasics.DeclaringArrays -->
