<?xml version="1.0" encoding="UTF-8"?>
<!-- Generated by org.testng.reporters.JUnitReportReporter -->
<testsuite skipped="0" hostname="DESKTOP-INQUNRP" name="com.arraysMultiDimensionBasics.SumOfDiagnal" tests="1" failures="0" timestamp="01 Jun 2020 17:14:58 GMT" time="24.323" errors="0">
  <testcase name="createSquareMatrix" time="24.323" classname="com.arraysMultiDimensionBasics.SumOfDiagnal"/>
</testsuite> <!-- com.arraysMultiDimensionBasics.SumOfDiagnal -->
