<?xml version="1.0" encoding="UTF-8"?>
<!-- Generated by org.testng.reporters.JUnitReportReporter -->
<testsuite skipped="0" hostname="DESKTOP-INQUNRP" name="com.arraysMultiDimensionFundamental.SumOfRowAndColumn" tests="6" failures="0" timestamp="18 Jul 2020 22:23:23 GMT" time="0.025" errors="0">
  <testcase name="howToPrintArray" time="0.016" classname="com.arraysMultiDimensionFundamental.SumOfRowAndColumn"/>
  <testcase name="howToSumRow" time="0.004" classname="com.arraysMultiDimensionFundamental.SumOfRowAndColumn"/>
  <testcase name="howToSumCOL" time="0.000" classname="com.arraysMultiDimensionFundamental.SumOfRowAndColumn"/>
  <testcase name="howToSumJaggedRow" time="0.004" classname="com.arraysMultiDimensionFundamental.SumOfRowAndColumn"/>
  <testcase name="howToSumJaggedCOL1" time="0.001" classname="com.arraysMultiDimensionFundamental.SumOfRowAndColumn"/>
  <testcase name="howToSumJaggedCOL" time="0.000" classname="com.arraysMultiDimensionFundamental.SumOfRowAndColumn"/>
</testsuite> <!-- com.arraysMultiDimensionFundamental.SumOfRowAndColumn -->
