<?xml version="1.0" encoding="UTF-8"?>
<!-- Generated by org.testng.reporters.JUnitReportReporter -->
<testsuite skipped="0" hostname="DESKTOP-INQUNRP" name="com.arraysMultiDimensionBasics.Vshape" tests="2" failures="0" timestamp="29 Jun 2020 17:55:28 GMT" time="13.206" errors="0">
  <testcase name="astric" time="7.011" classname="com.arraysMultiDimensionBasics.Vshape"/>
  <testcase name="numeric" time="6.195" classname="com.arraysMultiDimensionBasics.Vshape"/>
</testsuite> <!-- com.arraysMultiDimensionBasics.Vshape -->
