<?xml version="1.0" encoding="UTF-8"?>
<!-- Generated by org.testng.reporters.JUnitReportReporter -->
<testsuite skipped="0" hostname="DESKTOP-INQUNRP" name="com.arraysHowToReadFile.ReadAnyFile" tests="1" failures="0" timestamp="19 Jul 2020 23:49:12 GMT" time="0.051" errors="0">
  <testcase name="test1" time="0.051" classname="com.arraysHowToReadFile.ReadAnyFile"/>
</testsuite> <!-- com.arraysHowToReadFile.ReadAnyFile -->
