<?xml version="1.0" encoding="UTF-8"?>
<!-- Generated by org.testng.reporters.JUnitReportReporter -->
<testsuite skipped="0" hostname="DESKTOP-INQUNRP" name="com.arraysMultiDimensionFundamental.SumOfRowAndColumn" tests="3" failures="0" timestamp="04 Jul 2020 13:12:27 GMT" time="0.020" errors="0">
  <testcase name="howToPrintArray" time="0.016" classname="com.arraysMultiDimensionFundamental.SumOfRowAndColumn"/>
  <testcase name="howToSumRow" time="0.003" classname="com.arraysMultiDimensionFundamental.SumOfRowAndColumn"/>
  <testcase name="howToSumCOL" time="0.001" classname="com.arraysMultiDimensionFundamental.SumOfRowAndColumn"/>
</testsuite> <!-- com.arraysMultiDimensionFundamental.SumOfRowAndColumn -->
