<?xml version="1.0" encoding="UTF-8"?>
<!-- Generated by org.testng.reporters.JUnitReportReporter -->
<testsuite skipped="0" hostname="DESKTOP-INQUNRP" name="com.arraysMultiDimensionFundamental.SumOfDiaognal" tests="1" failures="0" timestamp="30 Jun 2020 14:52:03 GMT" time="37.108" errors="0">
  <testcase name="createSquareMatrix" time="37.108" classname="com.arraysMultiDimensionFundamental.SumOfDiaognal"/>
</testsuite> <!-- com.arraysMultiDimensionFundamental.SumOfDiaognal -->
