<?xml version="1.0" encoding="UTF-8"?>
<!-- Generated by org.testng.reporters.JUnitReportReporter -->
<testsuite skipped="0" hostname="DESKTOP-INQUNRP" name="com.arraysHowToCreateExcellFile.DataFormat" tests="2" failures="0" timestamp="05 Jun 2020 00:23:20 GMT" time="1.077" errors="0">
  <testcase name="dataFormat" time="0.971" classname="com.arraysHowToCreateExcellFile.DataFormat"/>
  <testcase name="readData" time="0.106" classname="com.arraysHowToCreateExcellFile.DataFormat"/>
</testsuite> <!-- com.arraysHowToCreateExcellFile.DataFormat -->
