<?xml version="1.0" encoding="UTF-8"?>
<!-- Generated by org.testng.reporters.JUnitReportReporter -->
<testsuite skipped="0" hostname="DESKTOP-INQUNRP" name="com.arraysMultiDimensiongamming.Vshape" tests="2" failures="0" timestamp="29 Jun 2020 17:56:03 GMT" time="13.101" errors="0">
  <testcase name="astric" time="8.114" classname="com.arraysMultiDimensiongamming.Vshape"/>
  <testcase name="numeric" time="4.987" classname="com.arraysMultiDimensiongamming.Vshape"/>
</testsuite> <!-- com.arraysMultiDimensiongamming.Vshape -->
