<?xml version="1.0" encoding="UTF-8"?>
<!-- Generated by org.testng.reporters.JUnitReportReporter -->
<testsuite skipped="0" hostname="DESKTOP-INQUNRP" name="com.arraysMultiDimensionBasics.Megging_TwoArrays_IntoOne" tests="2" failures="0" timestamp="30 Jun 2020 17:23:11 GMT" time="0.034" errors="0">
  <testcase name="PrimitiveType" time="0.029" classname="com.arraysMultiDimensionBasics.Megging_TwoArrays_IntoOne"/>
  <testcase name="StringType" time="0.005" classname="com.arraysMultiDimensionBasics.Megging_TwoArrays_IntoOne"/>
</testsuite> <!-- com.arraysMultiDimensionBasics.Megging_TwoArrays_IntoOne -->
