<?xml version="1.0" encoding="UTF-8"?>
<!-- Generated by org.testng.reporters.JUnitReportReporter -->
<testsuite skipped="0" hostname="DESKTOP-INQUNRP" name="com.arraysMultiDimensionBasic_Search.FindDuplicate_In_Two_Arrays" tests="1" failures="0" timestamp="30 Jun 2020 23:08:24 GMT" time="0.012" errors="0">
  <testcase name="findDuplicate" time="0.012" classname="com.arraysMultiDimensionBasic_Search.FindDuplicate_In_Two_Arrays"/>
</testsuite> <!-- com.arraysMultiDimensionBasic_Search.FindDuplicate_In_Two_Arrays -->
