<?xml version="1.0" encoding="UTF-8"?>
<!-- Generated by org.testng.reporters.JUnitReportReporter -->
<testsuite skipped="0" hostname="DESKTOP-INQUNRP" name="com.arraysMultiDimensionBasics.Adding_Row_Column_Total" tests="3" failures="0" timestamp="04 Jul 2020 15:43:07 GMT" time="0.024" errors="0">
  <testcase name="printRow" time="0.014" classname="com.arraysMultiDimensionBasics.Adding_Row_Column_Total"/>
  <testcase name="rowTotal" time="0.007" classname="com.arraysMultiDimensionBasics.Adding_Row_Column_Total"/>
  <testcase name="arrayTotal" time="0.003" classname="com.arraysMultiDimensionBasics.Adding_Row_Column_Total"/>
</testsuite> <!-- com.arraysMultiDimensionBasics.Adding_Row_Column_Total -->
