<?xml version="1.0" encoding="UTF-8"?>
<!-- Generated by org.testng.reporters.JUnitReportReporter -->
<testsuite skipped="0" hostname="DESKTOP-INQUNRP" name="com.arraysMultiDimension_TwoArrays.AddingTwoArrays" tests="3" failures="0" timestamp="04 Jul 2020 22:21:49 GMT" time="0.017" errors="0">
  <testcase name="addInt_String" time="0.011" classname="com.arraysMultiDimension_TwoArrays.AddingTwoArrays"/>
  <testcase name="addingString" time="0.003" classname="com.arraysMultiDimension_TwoArrays.AddingTwoArrays"/>
  <testcase name="adding" time="0.003" classname="com.arraysMultiDimension_TwoArrays.AddingTwoArrays"/>
</testsuite> <!-- com.arraysMultiDimension_TwoArrays.AddingTwoArrays -->
