<?xml version="1.0" encoding="UTF-8"?>
<!-- Generated by org.testng.reporters.JUnitReportReporter -->
<testsuite skipped="0" hostname="DESKTOP-INQUNRP" name="com.arraysMultiDimensionFundamental.Sum" tests="3" failures="0" timestamp="01 Jun 2020 16:12:26 GMT" time="0.018" errors="0">
  <testcase name="howToPrintArray" time="0.012" classname="com.arraysMultiDimensionFundamental.Sum"/>
  <testcase name="howToSumRow" time="0.004" classname="com.arraysMultiDimensionFundamental.Sum"/>
  <testcase name="howToSumCOL" time="0.002" classname="com.arraysMultiDimensionFundamental.Sum"/>
</testsuite> <!-- com.arraysMultiDimensionFundamental.Sum -->
