<?xml version="1.0" encoding="UTF-8"?>
<!-- Generated by org.testng.reporters.JUnitReportReporter -->
<testsuite skipped="0" hostname="DESKTOP-INQUNRP" name="com.arraysMultiDimensionBasics.Vshape" tests="2" failures="0" timestamp="02 Jun 2020 18:05:38 GMT" time="8.711" errors="0">
  <testcase name="astric" time="2.962" classname="com.arraysMultiDimensionBasics.Vshape"/>
  <testcase name="numeric" time="5.749" classname="com.arraysMultiDimensionBasics.Vshape"/>
</testsuite> <!-- com.arraysMultiDimensionBasics.Vshape -->
