<?xml version="1.0" encoding="UTF-8"?>
<!-- Generated by org.testng.reporters.JUnitReportReporter -->
<testsuite skipped="0" hostname="DESKTOP-INQUNRP" name="com.arraysHowToCreateExcellFile.DataFormat" tests="2" failures="0" timestamp="18 Jul 2020 16:25:41 GMT" time="0.948" errors="0">
  <testcase name="dataFormat" time="0.816" classname="com.arraysHowToCreateExcellFile.DataFormat"/>
  <testcase name="readData" time="0.132" classname="com.arraysHowToCreateExcellFile.DataFormat"/>
</testsuite> <!-- com.arraysHowToCreateExcellFile.DataFormat -->
