<?xml version="1.0" encoding="UTF-8"?>
<!-- Generated by org.testng.reporters.JUnitReportReporter -->
<testsuite skipped="0" hostname="DESKTOP-INQUNRP" name="com.arraysMultiDimensionBasics.PrintingOnly_Row_Column" tests="4" failures="0" timestamp="30 Jun 2020 16:00:52 GMT" time="0.018" errors="0">
  <testcase name="printingRow0" time="0.011" classname="com.arraysMultiDimensionBasics.PrintingOnly_Row_Column"/>
  <testcase name="printingRow2" time="0.002" classname="com.arraysMultiDimensionBasics.PrintingOnly_Row_Column"/>
  <testcase name="printingRow1" time="0.003" classname="com.arraysMultiDimensionBasics.PrintingOnly_Row_Column"/>
  <testcase name="printingRow3" time="0.002" classname="com.arraysMultiDimensionBasics.PrintingOnly_Row_Column"/>
</testsuite> <!-- com.arraysMultiDimensionBasics.PrintingOnly_Row_Column -->
