<?xml version="1.0" encoding="UTF-8"?>
<!-- Generated by org.testng.reporters.JUnitReportReporter -->
<testsuite skipped="0" hostname="DESKTOP-INQUNRP" name="com.arraysMultiDimensionBasic_Search.SwitchCase" tests="3" failures="0" timestamp="30 Jun 2020 01:38:25 GMT" time="0.024" errors="0">
  <testcase name="Equal" time="0.021" classname="com.arraysMultiDimensionBasic_Search.SwitchCase"/>
  <testcase name="lessThan" time="0.002" classname="com.arraysMultiDimensionBasic_Search.SwitchCase"/>
  <testcase name="Greater" time="0.001" classname="com.arraysMultiDimensionBasic_Search.SwitchCase"/>
</testsuite> <!-- com.arraysMultiDimensionBasic_Search.SwitchCase -->
