<?xml version="1.0" encoding="UTF-8"?>
<!-- Generated by org.testng.reporters.JUnitReportReporter -->
<testsuite skipped="0" hostname="DESKTOP-INQUNRP" name="com.arraysHowToCreateExcellFile.StudentsFile" tests="1" failures="0" timestamp="04 Jun 2020 15:20:37 GMT" time="1.789" errors="0">
  <testcase name="createFile" time="1.789" classname="com.arraysHowToCreateExcellFile.StudentsFile"/>
</testsuite> <!-- com.arraysHowToCreateExcellFile.StudentsFile -->
