<?xml version="1.0" encoding="UTF-8"?>
<!-- Generated by org.testng.reporters.JUnitReportReporter -->
<testsuite skipped="0" hostname="DESKTOP-INQUNRP" name="com.arraysMultiDimensionBasics.PrintingOnly_Row" tests="3" failures="0" timestamp="18 Jul 2020 21:54:52 GMT" time="0.017" errors="0">
  <testcase name="printingRow0" time="0.010" classname="com.arraysMultiDimensionBasics.PrintingOnly_Row"/>
  <testcase name="printingRow1" time="0.007" classname="com.arraysMultiDimensionBasics.PrintingOnly_Row"/>
  <testcase name="printingRow2" time="0.000" classname="com.arraysMultiDimensionBasics.PrintingOnly_Row"/>
</testsuite> <!-- com.arraysMultiDimensionBasics.PrintingOnly_Row -->
