<?xml version="1.0" encoding="UTF-8"?>
<!-- Generated by org.testng.reporters.JUnitReportReporter -->
<testsuite skipped="0" hostname="DESKTOP-INQUNRP" name="com.arraysMultiDimensionBasic_Search.Linear_search" tests="3" failures="0" timestamp="04 Jul 2020 21:34:12 GMT" time="0.020" errors="0">
  <testcase name="Equal" time="0.012" classname="com.arraysMultiDimensionBasic_Search.Linear_search"/>
  <testcase name="lessThan" time="0.003" classname="com.arraysMultiDimensionBasic_Search.Linear_search"/>
  <testcase name="Greater" time="0.005" classname="com.arraysMultiDimensionBasic_Search.Linear_search"/>
</testsuite> <!-- com.arraysMultiDimensionBasic_Search.Linear_search -->
