<?xml version="1.0" encoding="UTF-8"?>
<!-- Generated by org.testng.reporters.JUnitReportReporter -->
<testsuite skipped="0" hostname="DESKTOP-INQUNRP" name="com.arraysMultiDimension_TwoArrays.AddingTwoArrays" tests="3" failures="0" timestamp="12 Jul 2020 21:00:46 GMT" time="0.031" errors="0">
  <testcase name="addingTwoArrays" time="0.018" classname="com.arraysMultiDimension_TwoArrays.AddingTwoArrays"/>
  <testcase name="addingString" time="0.007" classname="com.arraysMultiDimension_TwoArrays.AddingTwoArrays"/>
  <testcase name="addInt_String" time="0.006" classname="com.arraysMultiDimension_TwoArrays.AddingTwoArrays"/>
</testsuite> <!-- com.arraysMultiDimension_TwoArrays.AddingTwoArrays -->
