<?xml version="1.0" encoding="UTF-8"?>
<!-- Generated by org.testng.reporters.JUnitReportReporter -->
<testsuite skipped="0" hostname="DESKTOP-INQUNRP" name="com.arraysMultiDimensionBasics.PrintingOnly_Column" tests="4" failures="0" timestamp="18 Jul 2020 22:09:10 GMT" time="0.013" errors="0">
  <testcase name="printingColumn0" time="0.013" classname="com.arraysMultiDimensionBasics.PrintingOnly_Column"/>
  <testcase name="printingColumn2" time="0.000" classname="com.arraysMultiDimensionBasics.PrintingOnly_Column"/>
  <testcase name="printingColumn1" time="0.000" classname="com.arraysMultiDimensionBasics.PrintingOnly_Column"/>
  <testcase name="printingColumn3" time="0.000" classname="com.arraysMultiDimensionBasics.PrintingOnly_Column"/>
</testsuite> <!-- com.arraysMultiDimensionBasics.PrintingOnly_Column -->
