<?xml version="1.0" encoding="UTF-8"?>
<!-- Generated by org.testng.reporters.JUnitReportReporter -->
<testsuite skipped="0" hostname="DESKTOP-INQUNRP" name="com.arraysMultiDimensionBasic_Search.Linear_search_String" tests="1" failures="0" timestamp="19 Jul 2020 23:36:49 GMT" time="0.030" errors="0">
  <testcase name="Equal" time="0.030" classname="com.arraysMultiDimensionBasic_Search.Linear_search_String"/>
</testsuite> <!-- com.arraysMultiDimensionBasic_Search.Linear_search_String -->
