<?xml version="1.0" encoding="UTF-8"?>
<!-- Generated by org.testng.reporters.JUnitReportReporter -->
<testsuite skipped="0" hostname="DESKTOP-INQUNRP" name="com.arraysMultiDimensionBasic_Search.Linear_search" tests="3" failures="0" timestamp="12 Jul 2020 22:16:28 GMT" time="0.046" errors="0">
  <testcase name="Equal" time="0.034" classname="com.arraysMultiDimensionBasic_Search.Linear_search"/>
  <testcase name="lessThan" time="0.003" classname="com.arraysMultiDimensionBasic_Search.Linear_search"/>
  <testcase name="Greater" time="0.009" classname="com.arraysMultiDimensionBasic_Search.Linear_search"/>
</testsuite> <!-- com.arraysMultiDimensionBasic_Search.Linear_search -->
