<?xml version="1.0" encoding="UTF-8"?>
<!-- Generated by org.testng.reporters.JUnitReportReporter -->
<testsuite skipped="0" hostname="DESKTOP-INQUNRP" name="com.arraysSingleDimensionBasics.Sum" tests="1" failures="0" timestamp="01 Jun 2020 02:22:39 GMT" time="0.015" errors="0">
  <testcase name="howToSumRow" time="0.015" classname="com.arraysSingleDimensionBasics.Sum"/>
</testsuite> <!-- com.arraysSingleDimensionBasics.Sum -->
