<?xml version="1.0" encoding="UTF-8"?>
<!-- Generated by org.testng.reporters.JUnitReportReporter -->
<testsuite skipped="0" hostname="DESKTOP-INQUNRP" name="com.arraysMultiDimensionBasics.Adding_Row_Column_Total" tests="4" failures="0" timestamp="12 Jul 2020 16:41:36 GMT" time="0.018" errors="0">
  <testcase name="printRow" time="0.013" classname="com.arraysMultiDimensionBasics.Adding_Row_Column_Total"/>
  <testcase name="rowTotal" time="0.002" classname="com.arraysMultiDimensionBasics.Adding_Row_Column_Total"/>
  <testcase name="jaggedrowTotal" time="0.002" classname="com.arraysMultiDimensionBasics.Adding_Row_Column_Total"/>
  <testcase name="arrayTotal" time="0.001" classname="com.arraysMultiDimensionBasics.Adding_Row_Column_Total"/>
</testsuite> <!-- com.arraysMultiDimensionBasics.Adding_Row_Column_Total -->
