<?xml version="1.0" encoding="UTF-8"?>
<!-- Generated by org.testng.reporters.JUnitReportReporter -->
<testsuite skipped="0" hostname="DESKTOP-INQUNRP" name="com.arraysMultiDimensionBasic_Duplication.FindDuplicate_In_Two_Arrays" tests="1" failures="0" timestamp="12 Jul 2020 22:12:02 GMT" time="0.017" errors="0">
  <testcase name="findDuplicate" time="0.017" classname="com.arraysMultiDimensionBasic_Duplication.FindDuplicate_In_Two_Arrays"/>
</testsuite> <!-- com.arraysMultiDimensionBasic_Duplication.FindDuplicate_In_Two_Arrays -->
