<?xml version="1.0" encoding="UTF-8"?>
<!-- Generated by org.testng.reporters.JUnitReportReporter -->
<testsuite skipped="0" hostname="DESKTOP-INQUNRP" name="com.arraysMultiDimensionSalary.Salary_Bonus" tests="3" failures="0" timestamp="05 Jul 2020 00:46:27 GMT" time="0.022" errors="0">
  <testcase name="salary" time="0.012" classname="com.arraysMultiDimensionSalary.Salary_Bonus"/>
  <testcase name="bonus" time="0.007" classname="com.arraysMultiDimensionSalary.Salary_Bonus"/>
  <testcase name="yearlyEmployeesalary" time="0.003" classname="com.arraysMultiDimensionSalary.Salary_Bonus"/>
</testsuite> <!-- com.arraysMultiDimensionSalary.Salary_Bonus -->
