<?xml version="1.0" encoding="UTF-8"?>
<!-- Generated by org.testng.reporters.JUnitReportReporter -->
<testsuite skipped="0" hostname="DESKTOP-INQUNRP" name="com.arraysSingleDimensionBasics.BasicRules" tests="2" failures="0" timestamp="29 Jun 2020 15:15:04 GMT" time="0.018" errors="0">
  <testcase name="defaultValue" time="0.014" classname="com.arraysSingleDimensionBasics.BasicRules"/>
  <testcase name="fixedSized" time="0.004" classname="com.arraysSingleDimensionBasics.BasicRules"/>
</testsuite> <!-- com.arraysSingleDimensionBasics.BasicRules -->
