<?xml version="1.0" encoding="UTF-8"?>
<!-- Generated by org.testng.reporters.JUnitReportReporter -->
<testsuite skipped="0" hostname="DESKTOP-INQUNRP" name="com.arraysSingleDimensionBasics.BasicRulesOfSize" tests="2" failures="0" timestamp="05 Jul 2020 21:18:06 GMT" time="0.035" errors="0">
  <testcase name="defaultValue" time="0.016" classname="com.arraysSingleDimensionBasics.BasicRulesOfSize"/>
  <testcase name="fixedSized" time="0.019" classname="com.arraysSingleDimensionBasics.BasicRulesOfSize"/>
</testsuite> <!-- com.arraysSingleDimensionBasics.BasicRulesOfSize -->
